# project noname (0.0.1) configured on Sat Dec 17 19:43:42 2011 by
# waf 1.5.16 (abi 7, python 20601f0 on darwin)
# using /usr/local/bin/node-waf configure build
#

----------------------------------------
Checking for program g++ or c++
  find program=['g++', 'c++'] paths=[] var='CXX'
  -> '/usr/bin/g++'

----------------------------------------
Checking for program cpp
  find program=['cpp'] paths=[] var='CPP'
  -> '/usr/bin/cpp'

----------------------------------------
Checking for program ar
  find program=['ar'] paths=[] var='AR'
  -> '/usr/bin/ar'

----------------------------------------
Checking for program ranlib
  find program=['ranlib'] paths=[] var='RANLIB'
  -> '/usr/bin/ranlib'

----------------------------------------
Checking for g++ 
ok 

----------------------------------------
Checking for node path 
not found

----------------------------------------
Checking for node prefix 
ok /usr/local

----------------------------------------
Checking for library gif
==>

int main() {
	return 0;
}

<==
[1/2] [32mcxx: build/.conf_check_0/test.cpp -> build/.conf_check_0/testbuild/Release/test_1.o
[0m['/usr/bin/g++', '-g', '-DNDEBUG', '../test.cpp', '-c', '-o', 'Release/test_1.o']
[2/2] [33mcxx_link: build/.conf_check_0/testbuild/Release/test_1.o -> build/.conf_check_0/testbuild/Release/testprog
[0mld: warning: directory '/lib' following -L not found
ld: library not found for -lgif
collect2: ld returned 1 exit status
['/usr/bin/g++', 'Release/test_1.o', '-o', '/Users/yair/node_modules/canvas/build/.conf_check_0/testbuild/Release/testprog', '-L/lib', '-L/usr/lib', '-L/usr/local/lib', '-lgif']
command returned 'Build failed:  -> task failed (err #1): \n\t{task: cxx_link test_1.o -> testprog}'not found

----------------------------------------
Checking for library jpeg
==>

int main() {
	return 0;
}

<==
[1/2] [32mcxx: build/.conf_check_0/test.cpp -> build/.conf_check_0/testbuild/Release/test_1.o
[0m['/usr/bin/g++', '-g', '-DNDEBUG', '../test.cpp', '-c', '-o', 'Release/test_1.o']
[2/2] [33mcxx_link: build/.conf_check_0/testbuild/Release/test_1.o -> build/.conf_check_0/testbuild/Release/testprog
[0mld: warning: directory '/lib' following -L not found
ld: library not found for -ljpeg
collect2: ld returned 1 exit status
['/usr/bin/g++', 'Release/test_1.o', '-o', '/Users/yair/node_modules/canvas/build/.conf_check_0/testbuild/Release/testprog', '-L/lib', '-L/usr/lib', '-L/usr/local/lib', '-ljpeg']
command returned 'Build failed:  -> task failed (err #1): \n\t{task: cxx_link test_1.o -> testprog}'not found

----------------------------------------
Checking for cairo
pkg-config --errors-to-stdout --print-errors --cflags --libs cairo
-D_REENTRANT -I/opt/local/include/cairo -I/opt/local/include/glib-2.0 -I/opt/local/lib/glib-2.0/include -I/opt/local/include -I/opt/local/include/pixman-1 -I/opt/local/include/freetype2 -I/opt/local/include/libpng14  -L/opt/local/lib -lcairo  
yes
